#
# There is insufficient memory for the Java Runtime Environment to continue.
# Native memory allocation (mmap) failed to map 65536 bytes for Failed to commit metaspace.
# Possible reasons:
#   The system is out of physical RAM or swap space
#   The process is running with CompressedOops enabled, and the Java Heap may be blocking the growth of the native heap
# Possible solutions:
#   Reduce memory load on the system
#   Increase physical memory or swap space
#   Check if swap backing store is full
#   Decrease Java heap size (-Xmx/-Xms)
#   Decrease number of Java threads
#   Decrease Java thread stack sizes (-Xss)
#   Set larger code cache with -XX:ReservedCodeCacheSize=
#   JVM is running with Zero Based Compressed Oops mode in which the Java heap is
#     placed in the first 32GB address space. The Java Heap base address is the
#     maximum limit for the native heap growth. Please use -XX:HeapBaseMinAddress
#     to set the Java Heap base and to place the Java Heap above 32GB virtual address.
# This output file may be truncated or incomplete.
#
#  Out of Memory Error (virtualSpaceNode.cpp:110), pid=6856, tid=18412
#
# JRE version: Java(TM) SE Runtime Environment (19.0.2+7) (build 19.0.2+7-44)
# Java VM: Java HotSpot(TM) 64-Bit Server VM (19.0.2+7-44, mixed mode, sharing, tiered, compressed oops, compressed class ptrs, g1 gc, windows-amd64)
# No core dump will be written. Minidumps are not enabled by default on client versions of Windows
#

---------------  S U M M A R Y ------------

Command Line: -Dmaven.multiModuleProjectDirectory=C:\Users\User\Downloads\TwoDBConnection\TwoDBConnection -Dmaven.home=C:\Users\User\.m2\wrapper\dists\apache-maven-3.9.3-bin\54p6kc7m0ap3os8bc4ge28ia2\apache-maven-3.9.3 -Dclassworlds.conf=C:\Users\User\.m2\wrapper\dists\apache-maven-3.9.3-bin\54p6kc7m0ap3os8bc4ge28ia2\apache-maven-3.9.3\bin\m2.conf -Dmaven.ext.class.path=C:\Program Files\JetBrains\IntelliJ IDEA Community Edition 2022.1.3\plugins\maven\lib\maven-event-listener.jar -javaagent:C:\Program Files\JetBrains\IntelliJ IDEA Community Edition 2022.1.3\lib\idea_rt.jar=63581:C:\Program Files\JetBrains\IntelliJ IDEA Community Edition 2022.1.3\bin -Dfile.encoding=UTF-8 org.codehaus.classworlds.Launcher -Didea.version=2022.1.3 clean

Host: Intel(R) Core(TM) i5-5300U CPU @ 2.30GHz, 4 cores, 15G,  Windows 10 , 64 bit Build 19041 (10.0.19041.3155)
Time: Wed Aug  2 12:36:58 2023 India Standard Time elapsed time: 0.949651 seconds (0d 0h 0m 0s)

---------------  T H R E A D  ---------------

Current thread (0x000002a1737bc970):  JavaThread "main" [_thread_in_vm, id=18412, stack(0x000000e159f00000,0x000000e15a000000)]

Stack: [0x000000e159f00000,0x000000e15a000000]
Native frames: (J=compiled Java code, j=interpreted, Vv=VM code, C=native code)
V  [jvm.dll+0x6ee21a]
V  [jvm.dll+0x85765e]
V  [jvm.dll+0x85904e]
V  [jvm.dll+0x859703]
V  [jvm.dll+0x28298f]
V  [jvm.dll+0x8532db]
V  [jvm.dll+0x692cb6]
V  [jvm.dll+0x692d1a]
V  [jvm.dll+0x695613]
V  [jvm.dll+0x6954de]
V  [jvm.dll+0x6936de]
V  [jvm.dll+0x6a4f0a]
V  [jvm.dll+0x69df0a]
V  [jvm.dll+0x248481]
V  [jvm.dll+0x2485df]
V  [jvm.dll+0x3db71b]
V  [jvm.dll+0x3db50d]
C  0x000002a10754ea42

Java frames: (J=compiled Java code, j=interpreted, Vv=VM code)
j  sun.util.locale.StringTokenIterator.next()Ljava/lang/String;+0 java.base@19.0.2
j  sun.util.locale.LanguageTag.parseLanguage(Lsun/util/locale/StringTokenIterator;Lsun/util/locale/ParseStatus;)Z+49 java.base@19.0.2
j  sun.util.locale.LanguageTag.parse(Ljava/lang/String;Lsun/util/locale/ParseStatus;)Lsun/util/locale/LanguageTag;+79 java.base@19.0.2
j  java.util.Locale.forLanguageTag(Ljava/lang/String;)Ljava/util/Locale;+2 java.base@19.0.2
j  sun.util.locale.provider.LocaleProviderAdapter.lambda$toLocaleArray$0(Ljava/lang/String;)Ljava/util/Locale;+131 java.base@19.0.2
j  sun.util.locale.provider.LocaleProviderAdapter$$Lambda$65+0x80000006b.apply(Ljava/lang/Object;)Ljava/lang/Object;+4 java.base@19.0.2
j  java.util.stream.ReferencePipeline$3$1.accept(Ljava/lang/Object;)V+12 java.base@19.0.2
j  java.util.Iterator.forEachRemaining(Ljava/util/function/Consumer;)V+21 java.base@19.0.2
j  java.util.Spliterators$IteratorSpliterator.forEachRemaining(Ljava/util/function/Consumer;)V+52 java.base@19.0.2
j  java.util.stream.AbstractPipeline.copyInto(Ljava/util/stream/Sink;Ljava/util/Spliterator;)V+32 java.base@19.0.2
j  java.util.stream.AbstractPipeline.wrapAndCopyInto(Ljava/util/stream/Sink;Ljava/util/Spliterator;)Ljava/util/stream/Sink;+13 java.base@19.0.2
j  java.util.stream.AbstractPipeline.evaluate(Ljava/util/Spliterator;ZLjava/util/function/IntFunction;)Ljava/util/stream/Node;+32 java.base@19.0.2
j  java.util.stream.AbstractPipeline.evaluateToArrayNode(Ljava/util/function/IntFunction;)Ljava/util/stream/Node;+74 java.base@19.0.2
j  java.util.stream.ReferencePipeline.toArray(Ljava/util/function/IntFunction;)[Ljava/lang/Object;+4 java.base@19.0.2
j  sun.util.locale.provider.LocaleProviderAdapter.toLocaleArray(Ljava/util/Set;)[Ljava/util/Locale;+21 java.base@19.0.2
j  sun.util.locale.provider.CalendarDataProviderImpl.getAvailableLocales()[Ljava/util/Locale;+4 java.base@19.0.2
j  java.util.spi.LocaleServiceProvider.isSupportedLocale(Ljava/util/Locale;)Z+6 java.base@19.0.2
j  sun.util.locale.provider.LocaleServiceProviderPool.findProviders(Ljava/util/Locale;Z)Ljava/util/List;+81 java.base@19.0.2
j  sun.util.locale.provider.LocaleServiceProviderPool.getLocalizedObjectImpl(Lsun/util/locale/provider/LocaleServiceProviderPool$LocalizedObjectGetter;Ljava/util/Locale;ZLjava/lang/String;[Ljava/lang/Object;)Ljava/lang/Object;+53 java.base@19.0.2
j  sun.util.locale.provider.LocaleServiceProviderPool.getLocalizedObject(Lsun/util/locale/provider/LocaleServiceProviderPool$LocalizedObjectGetter;Ljava/util/Locale;Ljava/lang/Boolean;Ljava/lang/String;[Ljava/lang/Object;)Ljava/lang/Object;+11 java.base@19.0.2
j  sun.util.locale.provider.CalendarDataUtility.retrieveFirstDayOfWeek(Ljava/util/Locale;)I+280 java.base@19.0.2
j  java.util.Calendar.setWeekCountData(Ljava/util/Locale;)V+24 java.base@19.0.2
j  java.util.Calendar.<init>(Ljava/util/TimeZone;Ljava/util/Locale;)V+55 java.base@19.0.2
j  java.util.GregorianCalendar.<init>(Ljava/util/TimeZone;Ljava/util/Locale;Z)V+3 java.base@19.0.2
j  java.util.Calendar$Builder.build()Ljava/util/Calendar;+249 java.base@19.0.2
j  sun.util.locale.provider.CalendarProviderImpl.getInstance(Ljava/util/TimeZone;Ljava/util/Locale;)Ljava/util/Calendar;+21 java.base@19.0.2
j  java.util.Calendar.createCalendar(Ljava/util/TimeZone;Ljava/util/Locale;)Ljava/util/Calendar;+17 java.base@19.0.2
j  java.util.Calendar.getInstance(Ljava/util/Locale;)Ljava/util/Calendar;+5 java.base@19.0.2
j  java.text.SimpleDateFormat.initializeCalendar(Ljava/util/Locale;)V+27 java.base@19.0.2
j  java.text.SimpleDateFormat.<init>(Ljava/lang/String;Ljava/util/Locale;)V+43 java.base@19.0.2
j  org.eclipse.sisu.plexus.PlexusDateTypeConverter.<clinit>()V+15
v  ~StubRoutines::call_stub 0x000002a10753100e
j  org.codehaus.plexus.DefaultPlexusContainer$DefaultsModule.<init>(Lorg/codehaus/plexus/DefaultPlexusContainer;)V+22
j  org.codehaus.plexus.DefaultPlexusContainer.<init>(Lorg/codehaus/plexus/ContainerConfiguration;[Lcom/google/inject/Module;)V+78
j  org.apache.maven.cli.MavenCli.container(Lorg/apache/maven/cli/CliRequest;)Lorg/codehaus/plexus/PlexusContainer;+279
j  org.apache.maven.cli.MavenCli.doMain(Lorg/apache/maven/cli/CliRequest;)I+34
j  org.apache.maven.cli.MavenCli.main([Ljava/lang/String;Lorg/codehaus/plexus/classworlds/ClassWorld;)I+24
j  java.lang.invoke.DirectMethodHandle$Holder.invokeStatic(Ljava/lang/Object;Ljava/lang/Object;Ljava/lang/Object;)I+11 java.base@19.0.2
j  java.lang.invoke.LambdaForm$MH+0x000000080100b000.invoke(Ljava/lang/Object;Ljava/lang/Object;Ljava/lang/Object;Ljava/lang/Object;)Ljava/lang/Object;+54 java.base@19.0.2
j  java.lang.invoke.LambdaForm$MH+0x0000000801002800.invokeExact_MT(Ljava/lang/Object;Ljava/lang/Object;Ljava/lang/Object;Ljava/lang/Object;Ljava/lang/Object;)Ljava/lang/Object;+22 java.base@19.0.2
j  jdk.internal.reflect.DirectMethodHandleAccessor.invokeImpl(Ljava/lang/Object;[Ljava/lang/Object;)Ljava/lang/Object;+72 java.base@19.0.2
j  jdk.internal.reflect.DirectMethodHandleAccessor.invoke(Ljava/lang/Object;[Ljava/lang/Object;)Ljava/lang/Object;+23 java.base@19.0.2
j  java.lang.reflect.Method.invoke(Ljava/lang/Object;[Ljava/lang/Object;)Ljava/lang/Object;+102 java.base@19.0.2
j  org.codehaus.plexus.classworlds.launcher.Launcher.launchEnhanced([Ljava/lang/String;)V+45
j  org.codehaus.plexus.classworlds.launcher.Launcher.launch([Ljava/lang/String;)V+2
j  org.codehaus.plexus.classworlds.launcher.Launcher.mainWithExitCode([Ljava/lang/String;)I+108
j  org.codehaus.plexus.classworlds.launcher.Launcher.main([Ljava/lang/String;)V+1
j  org.codehaus.classworlds.Launcher.main([Ljava/lang/String;)V+1
v  ~StubRoutines::call_stub 0x000002a10753100e

---------------  P R O C E S S  ---------------

Threads class SMR info:
_java_thread_list=0x000002a11b268830, length=13, elements={
0x000002a1737bc970, 0x000002a17f3fa260, 0x000002a17f3fb050, 0x000002a17f3fd590,
0x000002a17f3fe0c0, 0x000002a17f401b50, 0x000002a17f405b10, 0x000002a17f40a330,
0x000002a17f415cd0, 0x000002a17f406060, 0x000002a17f4065b0, 0x000002a17f408ae0,
0x000002a17f408590
}

Java Threads: ( => current thread )
=>0x000002a1737bc970 JavaThread "main" [_thread_in_vm, id=18412, stack(0x000000e159f00000,0x000000e15a000000)]
  0x000002a17f3fa260 JavaThread "Reference Handler" daemon [_thread_blocked, id=21996, stack(0x000000e15a600000,0x000000e15a700000)]
  0x000002a17f3fb050 JavaThread "Finalizer" daemon [_thread_blocked, id=14648, stack(0x000000e15a700000,0x000000e15a800000)]
  0x000002a17f3fd590 JavaThread "Signal Dispatcher" daemon [_thread_blocked, id=17764, stack(0x000000e15a800000,0x000000e15a900000)]
  0x000002a17f3fe0c0 JavaThread "Attach Listener" daemon [_thread_blocked, id=10576, stack(0x000000e15a900000,0x000000e15aa00000)]
  0x000002a17f401b50 JavaThread "Service Thread" daemon [_thread_blocked, id=18688, stack(0x000000e15aa00000,0x000000e15ab00000)]
  0x000002a17f405b10 JavaThread "Monitor Deflation Thread" daemon [_thread_blocked, id=11212, stack(0x000000e15ab00000,0x000000e15ac00000)]
  0x000002a17f40a330 JavaThread "C2 CompilerThread0" daemon [_thread_blocked, id=14832, stack(0x000000e15ac00000,0x000000e15ad00000)]
  0x000002a17f415cd0 JavaThread "C1 CompilerThread0" daemon [_thread_blocked, id=22372, stack(0x000000e15ad00000,0x000000e15ae00000)]
  0x000002a17f406060 JavaThread "Sweeper thread" daemon [_thread_blocked, id=4912, stack(0x000000e15ae00000,0x000000e15af00000)]
  0x000002a17f4065b0 JavaThread "Common-Cleaner" daemon [_thread_blocked, id=3248, stack(0x000000e15af00000,0x000000e15b000000)]
  0x000002a17f408ae0 JavaThread "Monitor Ctrl-Break" daemon [_thread_in_native, id=20856, stack(0x000000e15b000000,0x000000e15b100000)]
  0x000002a17f408590 JavaThread "Notification Thread" daemon [_thread_blocked, id=20872, stack(0x000000e15b100000,0x000000e15b200000)]

Other Threads:
  0x000002a17f3db5b0 VMThread "VM Thread" [stack: 0x000000e15a500000,0x000000e15a600000] [id=18792]
  0x000002a11b28b5f0 WatcherThread "VM Periodic Task Thread" [stack: 0x000000e15b200000,0x000000e15b300000] [id=6832]
  0x000002a17382bdf0 WorkerThread "GC Thread#0" [stack: 0x000000e15a000000,0x000000e15a100000] [id=11008]
  0x000002a17383ec60 ConcurrentGCThread "G1 Main Marker" [stack: 0x000000e15a100000,0x000000e15a200000] [id=9336]
  0x000002a17383fd40 WorkerThread "G1 Conc#0" [stack: 0x000000e15a200000,0x000000e15a300000] [id=22240]
  0x000002a17388e5e0 ConcurrentGCThread "G1 Refine#0" [stack: 0x000000e15a300000,0x000000e15a400000] [id=2952]
  0x000002a17f297250 ConcurrentGCThread "G1 Service" [stack: 0x000000e15a400000,0x000000e15a500000] [id=21488]

Threads with active compile tasks:
C1 CompilerThread0      984  741       3       sun.util.locale.BaseLocale::getInstance (150 bytes)

VM state: not at safepoint (normal execution)

VM Mutex/Monitor currently owned by a thread:  ([mutex/lock_event])
[0x000002a1737b4b60] Metaspace_lock - owner thread: 0x000002a1737bc970
[0x000002a1737b5fa0] MethodData_lock - owner thread: 0x000002a1737bc970

Heap address: 0x0000000701c00000, size: 4068 MB, Compressed Oops mode: Zero based, Oop shift amount: 3

CDS archive(s) mapped at: [0x0000000800000000-0x0000000800c40000-0x0000000800c40000), size 12845056, SharedBaseAddress: 0x0000000800000000, ArchiveRelocationMode: 0.
Compressed class space mapped at: 0x0000000801000000-0x0000000841000000, reserved size: 1073741824
Narrow klass base: 0x0000000800000000, Narrow klass shift: 0, Narrow klass range: 0x100000000

GC Precious Log:
 CardTable entry size: 512
 Card Set container configuration: InlinePtr #cards 4 size 8 Array Of Cards #cards 16 size 48 Howl #buckets 8 coarsen threshold 3686 Howl Bitmap #cards 512 size 80 coarsen threshold 460 Card regions per heap region 1 cards per card region 4096
 CPUs: 4 total, 4 available
 Memory: 16264M
 Large Page Support: Disabled
 NUMA Support: Disabled
 Compressed Oops: Enabled (Zero based)
 Heap Region Size: 2M
 Heap Min Capacity: 8M
 Heap Initial Capacity: 256M
 Heap Max Capacity: 4068M
 Pre-touch: Disabled
 Parallel Workers: 4
 Concurrent Workers: 1
 Concurrent Refinement Workers: 4
 Periodic GC: Disabled

Heap:
 garbage-first heap   total 262144K, used 8192K [0x0000000701c00000, 0x0000000800000000)
  region size 2048K, 5 young (10240K), 0 survivors (0K)
 Metaspace       used 2997K, committed 3200K, reserved 1114112K
  class space    used 275K, committed 384K, reserved 1048576K

Heap Regions: E=young(eden), S=young(survivor), O=old, HS=humongous(starts), HC=humongous(continues), CS=collection set, F=free, OA=open archive, CA=closed archive, TAMS=top-at-mark-start (previous, next)
|   0|0x0000000701c00000, 0x0000000701c00000, 0x0000000701e00000|  0%| F|  |TAMS 0x0000000701c00000, 0x0000000701c00000| Untracked 
|   1|0x0000000701e00000, 0x0000000701e00000, 0x0000000702000000|  0%| F|  |TAMS 0x0000000701e00000, 0x0000000701e00000| Untracked 
|   2|0x0000000702000000, 0x0000000702000000, 0x0000000702200000|  0%| F|  |TAMS 0x0000000702000000, 0x0000000702000000| Untracked 
|   3|0x0000000702200000, 0x0000000702200000, 0x0000000702400000|  0%| F|  |TAMS 0x0000000702200000, 0x0000000702200000| Untracked 
|   4|0x0000000702400000, 0x0000000702400000, 0x0000000702600000|  0%| F|  |TAMS 0x0000000702400000, 0x0000000702400000| Untracked 
|   5|0x0000000702600000, 0x0000000702600000, 0x0000000702800000|  0%| F|  |TAMS 0x0000000702600000, 0x0000000702600000| Untracked 
|   6|0x0000000702800000, 0x0000000702800000, 0x0000000702a00000|  0%| F|  |TAMS 0x0000000702800000, 0x0000000702800000| Untracked 
|   7|0x0000000702a00000, 0x0000000702a00000, 0x0000000702c00000|  0%| F|  |TAMS 0x0000000702a00000, 0x0000000702a00000| Untracked 
|   8|0x0000000702c00000, 0x0000000702c00000, 0x0000000702e00000|  0%| F|  |TAMS 0x0000000702c00000, 0x0000000702c00000| Untracked 
|   9|0x0000000702e00000, 0x0000000702e00000, 0x0000000703000000|  0%| F|  |TAMS 0x0000000702e00000, 0x0000000702e00000| Untracked 
|  10|0x0000000703000000, 0x0000000703000000, 0x0000000703200000|  0%| F|  |TAMS 0x0000000703000000, 0x0000000703000000| Untracked 
|  11|0x0000000703200000, 0x0000000703200000, 0x0000000703400000|  0%| F|  |TAMS 0x0000000703200000, 0x0000000703200000| Untracked 
|  12|0x0000000703400000, 0x0000000703400000, 0x0000000703600000|  0%| F|  |TAMS 0x0000000703400000, 0x0000000703400000| Untracked 
|  13|0x0000000703600000, 0x0000000703600000, 0x0000000703800000|  0%| F|  |TAMS 0x0000000703600000, 0x0000000703600000| Untracked 
|  14|0x0000000703800000, 0x0000000703800000, 0x0000000703a00000|  0%| F|  |TAMS 0x0000000703800000, 0x0000000703800000| Untracked 
|  15|0x0000000703a00000, 0x0000000703a00000, 0x0000000703c00000|  0%| F|  |TAMS 0x0000000703a00000, 0x0000000703a00000| Untracked 
|  16|0x0000000703c00000, 0x0000000703c00000, 0x0000000703e00000|  0%| F|  |TAMS 0x0000000703c00000, 0x0000000703c00000| Untracked 
|  17|0x0000000703e00000, 0x0000000703e00000, 0x0000000704000000|  0%| F|  |TAMS 0x0000000703e00000, 0x0000000703e00000| Untracked 
|  18|0x0000000704000000, 0x0000000704000000, 0x0000000704200000|  0%| F|  |TAMS 0x0000000704000000, 0x0000000704000000| Untracked 
|  19|0x0000000704200000, 0x0000000704200000, 0x0000000704400000|  0%| F|  |TAMS 0x0000000704200000, 0x0000000704200000| Untracked 
|  20|0x0000000704400000, 0x0000000704400000, 0x0000000704600000|  0%| F|  |TAMS 0x0000000704400000, 0x0000000704400000| Untracked 
|  21|0x0000000704600000, 0x0000000704600000, 0x0000000704800000|  0%| F|  |TAMS 0x0000000704600000, 0x0000000704600000| Untracked 
|  22|0x0000000704800000, 0x0000000704800000, 0x0000000704a00000|  0%| F|  |TAMS 0x0000000704800000, 0x0000000704800000| Untracked 
|  23|0x0000000704a00000, 0x0000000704a00000, 0x0000000704c00000|  0%| F|  |TAMS 0x0000000704a00000, 0x0000000704a00000| Untracked 
|  24|0x0000000704c00000, 0x0000000704c00000, 0x0000000704e00000|  0%| F|  |TAMS 0x0000000704c00000, 0x0000000704c00000| Untracked 
|  25|0x0000000704e00000, 0x0000000704e00000, 0x0000000705000000|  0%| F|  |TAMS 0x0000000704e00000, 0x0000000704e00000| Untracked 
|  26|0x0000000705000000, 0x0000000705000000, 0x0000000705200000|  0%| F|  |TAMS 0x0000000705000000, 0x0000000705000000| Untracked 
|  27|0x0000000705200000, 0x0000000705200000, 0x0000000705400000|  0%| F|  |TAMS 0x0000000705200000, 0x0000000705200000| Untracked 
|  28|0x0000000705400000, 0x0000000705400000, 0x0000000705600000|  0%| F|  |TAMS 0x0000000705400000, 0x0000000705400000| Untracked 
|  29|0x0000000705600000, 0x0000000705600000, 0x0000000705800000|  0%| F|  |TAMS 0x0000000705600000, 0x0000000705600000| Untracked 
|  30|0x0000000705800000, 0x0000000705800000, 0x0000000705a00000|  0%| F|  |TAMS 0x0000000705800000, 0x0000000705800000| Untracked 
|  31|0x0000000705a00000, 0x0000000705a00000, 0x0000000705c00000|  0%| F|  |TAMS 0x0000000705a00000, 0x0000000705a00000| Untracked 
|  32|0x0000000705c00000, 0x0000000705c00000, 0x0000000705e00000|  0%| F|  |TAMS 0x0000000705c00000, 0x0000000705c00000| Untracked 
|  33|0x0000000705e00000, 0x0000000705e00000, 0x0000000706000000|  0%| F|  |TAMS 0x0000000705e00000, 0x0000000705e00000| Untracked 
|  34|0x0000000706000000, 0x0000000706000000, 0x0000000706200000|  0%| F|  |TAMS 0x0000000706000000, 0x0000000706000000| Untracked 
|  35|0x0000000706200000, 0x0000000706200000, 0x0000000706400000|  0%| F|  |TAMS 0x0000000706200000, 0x0000000706200000| Untracked 
|  36|0x0000000706400000, 0x0000000706400000, 0x0000000706600000|  0%| F|  |TAMS 0x0000000706400000, 0x0000000706400000| Untracked 
|  37|0x0000000706600000, 0x0000000706600000, 0x0000000706800000|  0%| F|  |TAMS 0x0000000706600000, 0x0000000706600000| Untracked 
|  38|0x0000000706800000, 0x0000000706800000, 0x0000000706a00000|  0%| F|  |TAMS 0x0000000706800000, 0x0000000706800000| Untracked 
|  39|0x0000000706a00000, 0x0000000706a00000, 0x0000000706c00000|  0%| F|  |TAMS 0x0000000706a00000, 0x0000000706a00000| Untracked 
|  40|0x0000000706c00000, 0x0000000706c00000, 0x0000000706e00000|  0%| F|  |TAMS 0x0000000706c00000, 0x0000000706c00000| Untracked 
|  41|0x0000000706e00000, 0x0000000706e00000, 0x0000000707000000|  0%| F|  |TAMS 0x0000000706e00000, 0x0000000706e00000| Untracked 
|  42|0x0000000707000000, 0x0000000707000000, 0x0000000707200000|  0%| F|  |TAMS 0x0000000707000000, 0x0000000707000000| Untracked 
|  43|0x0000000707200000, 0x0000000707200000, 0x0000000707400000|  0%| F|  |TAMS 0x0000000707200000, 0x0000000707200000| Untracked 
|  44|0x0000000707400000, 0x0000000707400000, 0x0000000707600000|  0%| F|  |TAMS 0x0000000707400000, 0x0000000707400000| Untracked 
|  45|0x0000000707600000, 0x0000000707600000, 0x0000000707800000|  0%| F|  |TAMS 0x0000000707600000, 0x0000000707600000| Untracked 
|  46|0x0000000707800000, 0x0000000707800000, 0x0000000707a00000|  0%| F|  |TAMS 0x0000000707800000, 0x0000000707800000| Untracked 
|  47|0x0000000707a00000, 0x0000000707a00000, 0x0000000707c00000|  0%| F|  |TAMS 0x0000000707a00000, 0x0000000707a00000| Untracked 
|  48|0x0000000707c00000, 0x0000000707c00000, 0x0000000707e00000|  0%| F|  |TAMS 0x0000000707c00000, 0x0000000707c00000| Untracked 
|  49|0x0000000707e00000, 0x0000000707e00000, 0x0000000708000000|  0%| F|  |TAMS 0x0000000707e00000, 0x0000000707e00000| Untracked 
|  50|0x0000000708000000, 0x0000000708000000, 0x0000000708200000|  0%| F|  |TAMS 0x0000000708000000, 0x0000000708000000| Untracked 
|  51|0x0000000708200000, 0x0000000708200000, 0x0000000708400000|  0%| F|  |TAMS 0x0000000708200000, 0x0000000708200000| Untracked 
|  52|0x0000000708400000, 0x0000000708400000, 0x0000000708600000|  0%| F|  |TAMS 0x0000000708400000, 0x0000000708400000| Untracked 
|  53|0x0000000708600000, 0x0000000708600000, 0x0000000708800000|  0%| F|  |TAMS 0x0000000708600000, 0x0000000708600000| Untracked 
|  54|0x0000000708800000, 0x0000000708800000, 0x0000000708a00000|  0%| F|  |TAMS 0x0000000708800000, 0x0000000708800000| Untracked 
|  55|0x0000000708a00000, 0x0000000708a00000, 0x0000000708c00000|  0%| F|  |TAMS 0x0000000708a00000, 0x0000000708a00000| Untracked 
|  56|0x0000000708c00000, 0x0000000708c00000, 0x0000000708e00000|  0%| F|  |TAMS 0x0000000708c00000, 0x0000000708c00000| Untracked 
|  57|0x0000000708e00000, 0x0000000708e00000, 0x0000000709000000|  0%| F|  |TAMS 0x0000000708e00000, 0x0000000708e00000| Untracked 
|  58|0x0000000709000000, 0x0000000709000000, 0x0000000709200000|  0%| F|  |TAMS 0x0000000709000000, 0x0000000709000000| Untracked 
|  59|0x0000000709200000, 0x0000000709200000, 0x0000000709400000|  0%| F|  |TAMS 0x0000000709200000, 0x0000000709200000| Untracked 
|  60|0x0000000709400000, 0x0000000709400000, 0x0000000709600000|  0%| F|  |TAMS 0x0000000709400000, 0x0000000709400000| Untracked 
|  61|0x0000000709600000, 0x0000000709600000, 0x0000000709800000|  0%| F|  |TAMS 0x0000000709600000, 0x0000000709600000| Untracked 
|  62|0x0000000709800000, 0x0000000709800000, 0x0000000709a00000|  0%| F|  |TAMS 0x0000000709800000, 0x0000000709800000| Untracked 
|  63|0x0000000709a00000, 0x0000000709a00000, 0x0000000709c00000|  0%| F|  |TAMS 0x0000000709a00000, 0x0000000709a00000| Untracked 
|  64|0x0000000709c00000, 0x0000000709c00000, 0x0000000709e00000|  0%| F|  |TAMS 0x0000000709c00000, 0x0000000709c00000| Untracked 
|  65|0x0000000709e00000, 0x0000000709e00000, 0x000000070a000000|  0%| F|  |TAMS 0x0000000709e00000, 0x0000000709e00000| Untracked 
|  66|0x000000070a000000, 0x000000070a000000, 0x000000070a200000|  0%| F|  |TAMS 0x000000070a000000, 0x000000070a000000| Untracked 
|  67|0x000000070a200000, 0x000000070a200000, 0x000000070a400000|  0%| F|  |TAMS 0x000000070a200000, 0x000000070a200000| Untracked 
|  68|0x000000070a400000, 0x000000070a400000, 0x000000070a600000|  0%| F|  |TAMS 0x000000070a400000, 0x000000070a400000| Untracked 
|  69|0x000000070a600000, 0x000000070a600000, 0x000000070a800000|  0%| F|  |TAMS 0x000000070a600000, 0x000000070a600000| Untracked 
|  70|0x000000070a800000, 0x000000070a800000, 0x000000070aa00000|  0%| F|  |TAMS 0x000000070a800000, 0x000000070a800000| Untracked 
|  71|0x000000070aa00000, 0x000000070aa00000, 0x000000070ac00000|  0%| F|  |TAMS 0x000000070aa00000, 0x000000070aa00000| Untracked 
|  72|0x000000070ac00000, 0x000000070ac00000, 0x000000070ae00000|  0%| F|  |TAMS 0x000000070ac00000, 0x000000070ac00000| Untracked 
|  73|0x000000070ae00000, 0x000000070ae00000, 0x000000070b000000|  0%| F|  |TAMS 0x000000070ae00000, 0x000000070ae00000| Untracked 
|  74|0x000000070b000000, 0x000000070b000000, 0x000000070b200000|  0%| F|  |TAMS 0x000000070b000000, 0x000000070b000000| Untracked 
|  75|0x000000070b200000, 0x000000070b200000, 0x000000070b400000|  0%| F|  |TAMS 0x000000070b200000, 0x000000070b200000| Untracked 
|  76|0x000000070b400000, 0x000000070b400000, 0x000000070b600000|  0%| F|  |TAMS 0x000000070b400000, 0x000000070b400000| Untracked 
|  77|0x000000070b600000, 0x000000070b600000, 0x000000070b800000|  0%| F|  |TAMS 0x000000070b600000, 0x000000070b600000| Untracked 
|  78|0x000000070b800000, 0x000000070b800000, 0x000000070ba00000|  0%| F|  |TAMS 0x000000070b800000, 0x000000070b800000| Untracked 
|  79|0x000000070ba00000, 0x000000070ba00000, 0x000000070bc00000|  0%| F|  |TAMS 0x000000070ba00000, 0x000000070ba00000| Untracked 
|  80|0x000000070bc00000, 0x000000070bc00000, 0x000000070be00000|  0%| F|  |TAMS 0x000000070bc00000, 0x000000070bc00000| Untracked 
|  81|0x000000070be00000, 0x000000070be00000, 0x000000070c000000|  0%| F|  |TAMS 0x000000070be00000, 0x000000070be00000| Untracked 
|  82|0x000000070c000000, 0x000000070c000000, 0x000000070c200000|  0%| F|  |TAMS 0x000000070c000000, 0x000000070c000000| Untracked 
|  83|0x000000070c200000, 0x000000070c200000, 0x000000070c400000|  0%| F|  |TAMS 0x000000070c200000, 0x000000070c200000| Untracked 
|  84|0x000000070c400000, 0x000000070c400000, 0x000000070c600000|  0%| F|  |TAMS 0x000000070c400000, 0x000000070c400000| Untracked 
|  85|0x000000070c600000, 0x000000070c600000, 0x000000070c800000|  0%| F|  |TAMS 0x000000070c600000, 0x000000070c600000| Untracked 
|  86|0x000000070c800000, 0x000000070c800000, 0x000000070ca00000|  0%| F|  |TAMS 0x000000070c800000, 0x000000070c800000| Untracked 
|  87|0x000000070ca00000, 0x000000070ca00000, 0x000000070cc00000|  0%| F|  |TAMS 0x000000070ca00000, 0x000000070ca00000| Untracked 
|  88|0x000000070cc00000, 0x000000070cc00000, 0x000000070ce00000|  0%| F|  |TAMS 0x000000070cc00000, 0x000000070cc00000| Untracked 
|  89|0x000000070ce00000, 0x000000070ce00000, 0x000000070d000000|  0%| F|  |TAMS 0x000000070ce00000, 0x000000070ce00000| Untracked 
|  90|0x000000070d000000, 0x000000070d000000, 0x000000070d200000|  0%| F|  |TAMS 0x000000070d000000, 0x000000070d000000| Untracked 
|  91|0x000000070d200000, 0x000000070d200000, 0x000000070d400000|  0%| F|  |TAMS 0x000000070d200000, 0x000000070d200000| Untracked 
|  92|0x000000070d400000, 0x000000070d400000, 0x000000070d600000|  0%| F|  |TAMS 0x000000070d400000, 0x000000070d400000| Untracked 
|  93|0x000000070d600000, 0x000000070d600000, 0x000000070d800000|  0%| F|  |TAMS 0x000000070d600000, 0x000000070d600000| Untracked 
|  94|0x000000070d800000, 0x000000070d800000, 0x000000070da00000|  0%| F|  |TAMS 0x000000070d800000, 0x000000070d800000| Untracked 
|  95|0x000000070da00000, 0x000000070da00000, 0x000000070dc00000|  0%| F|  |TAMS 0x000000070da00000, 0x000000070da00000| Untracked 
|  96|0x000000070dc00000, 0x000000070dc00000, 0x000000070de00000|  0%| F|  |TAMS 0x000000070dc00000, 0x000000070dc00000| Untracked 
|  97|0x000000070de00000, 0x000000070de00000, 0x000000070e000000|  0%| F|  |TAMS 0x000000070de00000, 0x000000070de00000| Untracked 
|  98|0x000000070e000000, 0x000000070e000000, 0x000000070e200000|  0%| F|  |TAMS 0x000000070e000000, 0x000000070e000000| Untracked 
|  99|0x000000070e200000, 0x000000070e200000, 0x000000070e400000|  0%| F|  |TAMS 0x000000070e200000, 0x000000070e200000| Untracked 
| 100|0x000000070e400000, 0x000000070e400000, 0x000000070e600000|  0%| F|  |TAMS 0x000000070e400000, 0x000000070e400000| Untracked 
| 101|0x000000070e600000, 0x000000070e600000, 0x000000070e800000|  0%| F|  |TAMS 0x000000070e600000, 0x000000070e600000| Untracked 
| 102|0x000000070e800000, 0x000000070e800000, 0x000000070ea00000|  0%| F|  |TAMS 0x000000070e800000, 0x000000070e800000| Untracked 
| 103|0x000000070ea00000, 0x000000070ea00000, 0x000000070ec00000|  0%| F|  |TAMS 0x000000070ea00000, 0x000000070ea00000| Untracked 
| 104|0x000000070ec00000, 0x000000070ec00000, 0x000000070ee00000|  0%| F|  |TAMS 0x000000070ec00000, 0x000000070ec00000| Untracked 
| 105|0x000000070ee00000, 0x000000070ee00000, 0x000000070f000000|  0%| F|  |TAMS 0x000000070ee00000, 0x000000070ee00000| Untracked 
| 106|0x000000070f000000, 0x000000070f000000, 0x000000070f200000|  0%| F|  |TAMS 0x000000070f000000, 0x000000070f000000| Untracked 
| 107|0x000000070f200000, 0x000000070f200000, 0x000000070f400000|  0%| F|  |TAMS 0x000000070f200000, 0x000000070f200000| Untracked 
| 108|0x000000070f400000, 0x000000070f400000, 0x000000070f600000|  0%| F|  |TAMS 0x000000070f400000, 0x000000070f400000| Untracked 
| 109|0x000000070f600000, 0x000000070f600000, 0x000000070f800000|  0%| F|  |TAMS 0x000000070f600000, 0x000000070f600000| Untracked 
| 110|0x000000070f800000, 0x000000070f800000, 0x000000070fa00000|  0%| F|  |TAMS 0x000000070f800000, 0x000000070f800000| Untracked 
| 111|0x000000070fa00000, 0x000000070fa00000, 0x000000070fc00000|  0%| F|  |TAMS 0x000000070fa00000, 0x000000070fa00000| Untracked 
| 112|0x000000070fc00000, 0x000000070fc00000, 0x000000070fe00000|  0%| F|  |TAMS 0x000000070fc00000, 0x000000070fc00000| Untracked 
| 113|0x000000070fe00000, 0x000000070fe00000, 0x0000000710000000|  0%| F|  |TAMS 0x000000070fe00000, 0x000000070fe00000| Untracked 
| 114|0x0000000710000000, 0x0000000710000000, 0x0000000710200000|  0%| F|  |TAMS 0x0000000710000000, 0x0000000710000000| Untracked 
| 115|0x0000000710200000, 0x0000000710200000, 0x0000000710400000|  0%| F|  |TAMS 0x0000000710200000, 0x0000000710200000| Untracked 
| 116|0x0000000710400000, 0x0000000710400000, 0x0000000710600000|  0%| F|  |TAMS 0x0000000710400000, 0x0000000710400000| Untracked 
| 117|0x0000000710600000, 0x0000000710600000, 0x0000000710800000|  0%| F|  |TAMS 0x0000000710600000, 0x0000000710600000| Untracked 
| 118|0x0000000710800000, 0x0000000710800000, 0x0000000710a00000|  0%| F|  |TAMS 0x0000000710800000, 0x0000000710800000| Untracked 
| 119|0x0000000710a00000, 0x0000000710a00000, 0x0000000710c00000|  0%| F|  |TAMS 0x0000000710a00000, 0x0000000710a00000| Untracked 
| 120|0x0000000710c00000, 0x0000000710c00000, 0x0000000710e00000|  0%| F|  |TAMS 0x0000000710c00000, 0x0000000710c00000| Untracked 
| 121|0x0000000710e00000, 0x0000000710e00000, 0x0000000711000000|  0%| F|  |TAMS 0x0000000710e00000, 0x0000000710e00000| Untracked 
| 122|0x0000000711000000, 0x0000000711000000, 0x0000000711200000|  0%| F|  |TAMS 0x0000000711000000, 0x0000000711000000| Untracked 
| 123|0x0000000711200000, 0x0000000711333dd0, 0x0000000711400000| 60%| E|  |TAMS 0x0000000711200000, 0x0000000711200000| Complete 
| 124|0x0000000711400000, 0x0000000711600000, 0x0000000711600000|100%| E|CS|TAMS 0x0000000711400000, 0x0000000711400000| Complete 
| 125|0x0000000711600000, 0x0000000711800000, 0x0000000711800000|100%| E|CS|TAMS 0x0000000711600000, 0x0000000711600000| Complete 
| 126|0x0000000711800000, 0x0000000711a00000, 0x0000000711a00000|100%| E|CS|TAMS 0x0000000711800000, 0x0000000711800000| Complete 
| 127|0x0000000711a00000, 0x0000000711c00000, 0x0000000711c00000|100%| E|CS|TAMS 0x0000000711a00000, 0x0000000711a00000| Complete 

Card table byte_map: [0x000002a17bf30000,0x000002a17c730000] _byte_map_base: 0x000002a178722000

Marking Bits (Prev, Next): (CMBitMap*) 0x000002a17382e350, (CMBitMap*) 0x000002a17382e390
 Prev Bits: [0x000002a10f000000, 0x000002a112f90000)
 Next Bits: [0x000002a112f90000, 0x000002a116f20000)

Polling page: 0x000002a171510000

Metaspace:

Usage:
  Non-class:      2.66 MB used.
      Class:    275.38 KB used.
       Both:      2.93 MB used.

Virtual space:
  Non-class space:       64.00 MB reserved,       2.75 MB (  4%) committed,  1 nodes.
      Class space:        1.00 GB reserved,     384.00 KB ( <1%) committed,  1 nodes.
             Both:        1.06 GB reserved,       3.12 MB ( <1%) committed. 

Chunk freelists:
   Non-Class:  2.93 MB
       Class:  3.61 MB
        Both:  6.54 MB

MaxMetaspaceSize: unlimited
CompressedClassSpaceSize: 1.00 GB
Initial GC threshold: 21.00 MB
Current GC threshold: 21.00 MB
CDS: on
MetaspaceReclaimPolicy: balanced
 - commit_granule_bytes: 65536.
 - commit_granule_words: 8192.
 - virtual_space_node_default_size: 8388608.
 - enlarge_chunks_in_place: 1.
 - new_chunks_are_fully_committed: 0.
 - uncommit_free_chunks: 1.
 - use_allocation_guard: 0.


Internal statistics:

num_allocs_failed_limit: 0.
num_arena_births: 44.
num_arena_deaths: 0.
num_vsnodes_births: 2.
num_vsnodes_deaths: 0.
num_space_committed: 50.
num_space_uncommitted: 0.
num_chunks_returned_to_freelist: 0.
num_chunks_taken_from_freelist: 99.
num_chunk_merges: 0.
num_chunk_splits: 69.
num_chunks_enlarged: 52.
num_inconsistent_stats: 0.

CodeHeap 'non-profiled nmethods': size=120000Kb used=238Kb max_used=238Kb free=119761Kb
 bounds [0x000002a107ad0000, 0x000002a107d40000, 0x000002a10f000000]
CodeHeap 'profiled nmethods': size=120000Kb used=1186Kb max_used=1186Kb free=118814Kb
 bounds [0x000002a100000000, 0x000002a100270000, 0x000002a107530000]
CodeHeap 'non-nmethods': size=5760Kb used=1231Kb max_used=1246Kb free=4528Kb
 bounds [0x000002a107530000, 0x000002a1077a0000, 0x000002a107ad0000]
 total_blobs=1178 nmethods=739 adapters=350
 compilation: enabled
              stopped_count=0, restarted_count=0
 full_count=0

Compilation events (20 events):
Event: 0.937 Thread 0x000002a17f415cd0  728       3       sun.util.locale.LocaleUtils::toLowerString (95 bytes)
Event: 0.939 Thread 0x000002a17f415cd0 nmethod 728 0x000002a100120390 code [0x000002a100120660, 0x000002a1001217c8]
Event: 0.939 Thread 0x000002a17f415cd0  729       3       sun.util.locale.StringTokenIterator::nextDelimiter (116 bytes)
Event: 0.941 Thread 0x000002a17f415cd0 nmethod 729 0x000002a100121e10 code [0x000002a100122140, 0x000002a100123598]
Event: 0.941 Thread 0x000002a17f415cd0  730       3       sun.util.locale.LocaleUtils::isAlphaString (33 bytes)
Event: 0.942 Thread 0x000002a17f415cd0 nmethod 730 0x000002a100123e10 code [0x000002a100124040, 0x000002a100124938]
Event: 0.942 Thread 0x000002a17f415cd0  731       3       sun.util.locale.BaseLocale::<init> (76 bytes)
Event: 0.943 Thread 0x000002a17f40a330  736       4       java.lang.String::isEmpty (14 bytes)
Event: 0.943 Thread 0x000002a17f415cd0 nmethod 731 0x000002a100124c90 code [0x000002a100124ec0, 0x000002a100125528]
Event: 0.943 Thread 0x000002a17f415cd0  732       1       sun.util.locale.LanguageTag::getLanguage (5 bytes)
Event: 0.943 Thread 0x000002a17f415cd0 nmethod 732 0x000002a107b0a410 code [0x000002a107b0a5a0, 0x000002a107b0a678]
Event: 0.943 Thread 0x000002a17f415cd0  733       1       sun.util.locale.LanguageTag::getScript (5 bytes)
Event: 0.943 Thread 0x000002a17f40a330 nmethod 736 0x000002a107b0a710 code [0x000002a107b0a8a0, 0x000002a107b0a938]
Event: 0.943 Thread 0x000002a17f415cd0 nmethod 733 0x000002a107b0aa10 code [0x000002a107b0aba0, 0x000002a107b0ac78]
Event: 0.943 Thread 0x000002a17f415cd0  734       1       sun.util.locale.LanguageTag::getRegion (5 bytes)
Event: 0.944 Thread 0x000002a17f415cd0 nmethod 734 0x000002a107b0ad10 code [0x000002a107b0aea0, 0x000002a107b0af78]
Event: 0.944 Thread 0x000002a17f415cd0  735       1       sun.util.locale.LanguageTag::getPrivateuse (5 bytes)
Event: 0.944 Thread 0x000002a17f40a330  737       4       java.lang.StringUTF16::compress (50 bytes)
Event: 0.944 Thread 0x000002a17f415cd0 nmethod 735 0x000002a107b0b010 code [0x000002a107b0b1a0, 0x000002a107b0b278]
Event: 0.944 Thread 0x000002a17f415cd0  738       3       sun.util.locale.BaseLocale$Key::hashCode (178 bytes)

GC Heap History (0 events):
No events

Dll operation events (12 events):
Event: 0.021 Loaded shared library C:\Program Files\Java\jdk-19\bin\java.dll
Event: 0.041 Loaded shared library C:\Program Files\Java\jdk-19\bin\jsvml.dll
Event: 0.167 Loaded shared library C:\Program Files\Java\jdk-19\bin\zip.dll
Event: 0.175 Loaded shared library C:\Program Files\Java\jdk-19\bin\instrument.dll
Event: 0.188 Loaded shared library C:\Program Files\Java\jdk-19\bin\net.dll
Event: 0.191 Loaded shared library C:\Program Files\Java\jdk-19\bin\nio.dll
Event: 0.197 Loaded shared library C:\Program Files\Java\jdk-19\bin\zip.dll
Event: 0.240 Loaded shared library C:\Program Files\JetBrains\IntelliJ IDEA Community Edition 2022.1.3\bin\breakgen64.dll
Event: 0.285 Loaded shared library C:\Program Files\Java\jdk-19\bin\extnet.dll
Event: 0.583 Loaded shared library C:\Program Files\Java\jdk-19\bin\jimage.dll
Event: 0.627 Loaded shared library C:\Users\User\AppData\Local\Temp\jansi-2.4.0-330371bee99a53a1-jansi.dll
Event: 0.653 Loaded shared library C:\Program Files\Java\jdk-19\bin\verify.dll

Deoptimization events (20 events):
Event: 0.567 Thread 0x000002a1737bc970 DEOPT PACKING pc=0x000002a107addd10 sp=0x000000e159ffd9b0
Event: 0.567 Thread 0x000002a1737bc970 DEOPT UNPACKING pc=0x000002a107596da3 sp=0x000000e159ffd938 mode 2
Event: 0.567 Thread 0x000002a1737bc970 Uncommon trap: trap_request=0xffffffc6 fr.pc=0x000002a107addd10 relative=0x00000000000008f0
Event: 0.567 Thread 0x000002a1737bc970 Uncommon trap: reason=bimorphic_or_optimized_type_check action=maybe_recompile pc=0x000002a107addd10 method=java.util.HashMap.putVal(ILjava/lang/Object;Ljava/lang/Object;ZZ)Ljava/lang/Object; @ 56 c2
Event: 0.567 Thread 0x000002a1737bc970 DEOPT PACKING pc=0x000002a107addd10 sp=0x000000e159ffd9b0
Event: 0.567 Thread 0x000002a1737bc970 DEOPT UNPACKING pc=0x000002a107596da3 sp=0x000000e159ffd938 mode 2
Event: 0.567 Thread 0x000002a1737bc970 Uncommon trap: trap_request=0xffffffc6 fr.pc=0x000002a107addd10 relative=0x00000000000008f0
Event: 0.567 Thread 0x000002a1737bc970 Uncommon trap: reason=bimorphic_or_optimized_type_check action=maybe_recompile pc=0x000002a107addd10 method=java.util.HashMap.putVal(ILjava/lang/Object;Ljava/lang/Object;ZZ)Ljava/lang/Object; @ 56 c2
Event: 0.567 Thread 0x000002a1737bc970 DEOPT PACKING pc=0x000002a107addd10 sp=0x000000e159ffd9b0
Event: 0.567 Thread 0x000002a1737bc970 DEOPT UNPACKING pc=0x000002a107596da3 sp=0x000000e159ffd938 mode 2
Event: 0.710 Thread 0x000002a1737bc970 Uncommon trap: trap_request=0xffffff45 fr.pc=0x000002a107af9d5c relative=0x000000000000095c
Event: 0.710 Thread 0x000002a1737bc970 Uncommon trap: reason=unstable_if action=reinterpret pc=0x000002a107af9d5c method=java.util.HashMap.putVal(ILjava/lang/Object;Ljava/lang/Object;ZZ)Ljava/lang/Object; @ 181 c2
Event: 0.710 Thread 0x000002a1737bc970 DEOPT PACKING pc=0x000002a107af9d5c sp=0x000000e159ffd440
Event: 0.710 Thread 0x000002a1737bc970 DEOPT UNPACKING pc=0x000002a107596da3 sp=0x000000e159ffd3e0 mode 2
Event: 0.783 Thread 0x000002a1737bc970 DEOPT PACKING pc=0x000002a10003fe76 sp=0x000000e159ffddc0
Event: 0.783 Thread 0x000002a1737bc970 DEOPT UNPACKING pc=0x000002a107597543 sp=0x000000e159ffd280 mode 0
Event: 0.872 Thread 0x000002a1737bc970 DEOPT PACKING pc=0x000002a1000884e5 sp=0x000000e159ffa7f0
Event: 0.872 Thread 0x000002a1737bc970 DEOPT UNPACKING pc=0x000002a107597543 sp=0x000000e159ff9c68 mode 0
Event: 0.944 Thread 0x000002a1737bc970 DEOPT PACKING pc=0x000002a100063cfe sp=0x000000e159ffd9d0
Event: 0.944 Thread 0x000002a1737bc970 DEOPT UNPACKING pc=0x000002a107597543 sp=0x000000e159ffce40 mode 0

Classes loaded (20 events):
Event: 0.801 Loading class java/io/FileReader
Event: 0.801 Loading class java/io/FileReader done
Event: 0.807 Loading class java/io/EOFException
Event: 0.807 Loading class java/io/EOFException done
Event: 0.817 Loading class java/io/StringWriter
Event: 0.817 Loading class java/io/StringWriter done
Event: 0.829 Loading class java/util/ArrayList$ListItr
Event: 0.829 Loading class java/util/ArrayList$ListItr done
Event: 0.859 Loading class java/lang/TypeNotPresentException
Event: 0.859 Loading class java/lang/TypeNotPresentException done
Event: 0.873 Loading class java/util/concurrent/atomic/AtomicReference
Event: 0.874 Loading class java/util/concurrent/atomic/AtomicReference done
Event: 0.892 Loading class java/text/ParseException
Event: 0.892 Loading class java/text/ParseException done
Event: 0.910 Loading class sun/util/calendar/ZoneInfoFile$Checksum
Event: 0.910 Loading class sun/util/calendar/ZoneInfoFile$Checksum done
Event: 0.916 Loading class jdk/internal/module/ModulePatcher$PatchedModuleReader
Event: 0.916 Loading class jdk/internal/module/ModulePatcher$PatchedModuleReader done
Event: 0.916 Loading class sun/net/www/protocol/jrt/Handler
Event: 0.916 Loading class sun/net/www/protocol/jrt/Handler done

Classes unloaded (0 events):
No events

Classes redefined (0 events):
No events

Internal exceptions (14 events):
Event: 0.211 Thread 0x000002a1737bc970 Exception <a 'java/lang/NoSuchMethodError'{0x0000000711830f38}: 'void java.lang.invoke.DirectMethodHandle$Holder.invokeStatic(java.lang.Object, java.lang.Object, java.lang.Object)'> (0x0000000711830f38) 
thrown [s\open\src\hotspot\share\interpreter\linkResolver.cpp, line 774]
Event: 0.229 Thread 0x000002a1737bc970 Exception <a 'java/lang/NoSuchMethodError'{0x00000007118497a0}: 'java.lang.Object java.lang.invoke.Invokers$Holder.invokeExact_MT(java.lang.Object, java.lang.Object, java.lang.Object, java.lang.Object, java.lang.Object)'> (0x00000007118497a0) 
thrown [s\open\src\hotspot\share\interpreter\linkResolver.cpp, line 774]
Event: 0.288 Thread 0x000002a17f408ae0 Exception <a 'java/lang/NoSuchMethodError'{0x00000007118824e0}: 'void java.lang.invoke.DirectMethodHandle$Holder.invokeStatic(java.lang.Object, java.lang.Object)'> (0x00000007118824e0) 
thrown [s\open\src\hotspot\share\interpreter\linkResolver.cpp, line 774]
Event: 0.329 Thread 0x000002a1737bc970 Exception <a 'java/lang/NoSuchMethodError'{0x00000007118fe868}: 'int java.lang.invoke.DirectMethodHandle$Holder.invokeSpecial(java.lang.Object, java.lang.Object, java.lang.Object)'> (0x00000007118fe868) 
thrown [s\open\src\hotspot\share\interpreter\linkResolver.cpp, line 774]
Event: 0.569 Thread 0x000002a1737bc970 Exception <a 'java/lang/NullPointerException'{0x00000007117557b8}> (0x00000007117557b8) 
thrown [s\open\src\hotspot\share\interpreter\linkResolver.cpp, line 1374]
Event: 0.631 Thread 0x000002a1737bc970 Exception <a 'java/lang/NullPointerException'{0x000000071179c5a8}> (0x000000071179c5a8) 
thrown [s\open\src\hotspot\share\interpreter\linkResolver.cpp, line 1374]
Event: 0.631 Thread 0x000002a1737bc970 Exception <a 'java/lang/NullPointerException'{0x000000071179c888}> (0x000000071179c888) 
thrown [s\open\src\hotspot\share\interpreter\linkResolver.cpp, line 1374]
Event: 0.631 Thread 0x000002a1737bc970 Exception <a 'java/lang/NullPointerException'{0x000000071179cb68}> (0x000000071179cb68) 
thrown [s\open\src\hotspot\share\interpreter\linkResolver.cpp, line 1374]
Event: 0.634 Thread 0x000002a1737bc970 Exception <a 'java/lang/NullPointerException'{0x00000007117a2408}> (0x00000007117a2408) 
thrown [s\open\src\hotspot\share\interpreter\linkResolver.cpp, line 1374]
Event: 0.638 Thread 0x000002a1737bc970 Exception <a 'java/lang/NullPointerException'{0x00000007117b1308}> (0x00000007117b1308) 
thrown [s\open\src\hotspot\share\interpreter\linkResolver.cpp, line 1374]
Event: 0.638 Thread 0x000002a1737bc970 Exception <a 'java/lang/NullPointerException'{0x00000007117b15e8}> (0x00000007117b15e8) 
thrown [s\open\src\hotspot\share\interpreter\linkResolver.cpp, line 1374]
Event: 0.638 Thread 0x000002a1737bc970 Exception <a 'java/lang/NullPointerException'{0x00000007117b18c8}> (0x00000007117b18c8) 
thrown [s\open\src\hotspot\share\interpreter\linkResolver.cpp, line 1374]
Event: 0.638 Thread 0x000002a1737bc970 Exception <a 'java/lang/NullPointerException'{0x00000007117b1ba8}> (0x00000007117b1ba8) 
thrown [s\open\src\hotspot\share\interpreter\linkResolver.cpp, line 1374]
Event: 0.843 Thread 0x000002a1737bc970 Exception <a 'java/lang/NoSuchMethodError'{0x000000071120b660}: 'java.lang.Object java.lang.invoke.DirectMethodHandle$Holder.invokeSpecialIFC(java.lang.Object, java.lang.Object, java.lang.Object, java.lang.Object)'> (0x000000071120b660) 
thrown [s\open\src\hotspot\share\interpreter\linkResolver.cpp, line 774]

VM Operations (8 events):
Event: 0.138 Executing VM operation: HandshakeAllThreads
Event: 0.138 Executing VM operation: HandshakeAllThreads done
Event: 0.259 Executing VM operation: HandshakeAllThreads
Event: 0.259 Executing VM operation: HandshakeAllThreads done
Event: 0.566 Executing VM operation: HandshakeAllThreads
Event: 0.566 Executing VM operation: HandshakeAllThreads done
Event: 0.590 Executing VM operation: HandshakeAllThreads
Event: 0.590 Executing VM operation: HandshakeAllThreads done

Events (13 events):
Event: 0.041 Thread 0x000002a1737bc970 Thread added: 0x000002a1737bc970
Event: 0.068 Thread 0x000002a17f3fa260 Thread added: 0x000002a17f3fa260
Event: 0.068 Thread 0x000002a17f3fb050 Thread added: 0x000002a17f3fb050
Event: 0.068 Thread 0x000002a17f3fd590 Thread added: 0x000002a17f3fd590
Event: 0.069 Thread 0x000002a17f3fe0c0 Thread added: 0x000002a17f3fe0c0
Event: 0.069 Thread 0x000002a17f401b50 Thread added: 0x000002a17f401b50
Event: 0.069 Thread 0x000002a17f405b10 Thread added: 0x000002a17f405b10
Event: 0.069 Thread 0x000002a17f40a330 Thread added: 0x000002a17f40a330
Event: 0.069 Thread 0x000002a17f415cd0 Thread added: 0x000002a17f415cd0
Event: 0.070 Thread 0x000002a17f406060 Thread added: 0x000002a17f406060
Event: 0.118 Thread 0x000002a17f4065b0 Thread added: 0x000002a17f4065b0
Event: 0.242 Thread 0x000002a17f408ae0 Thread added: 0x000002a17f408ae0
Event: 0.242 Thread 0x000002a17f408590 Thread added: 0x000002a17f408590


Dynamic libraries:
0x00007ff6f7660000 - 0x00007ff6f7670000 	C:\Program Files\Java\jdk-19\bin\java.exe
0x00007ff9f85f0000 - 0x00007ff9f87e8000 	C:\Windows\SYSTEM32\ntdll.dll
0x00007ff9f7ba0000 - 0x00007ff9f7c5f000 	C:\Windows\System32\KERNEL32.DLL
0x00007ff9f6350000 - 0x00007ff9f6646000 	C:\Windows\System32\KERNELBASE.dll
0x00007ff9f6090000 - 0x00007ff9f6190000 	C:\Windows\System32\ucrtbase.dll
0x00007ff9ee120000 - 0x00007ff9ee13b000 	C:\Program Files\Java\jdk-19\bin\VCRUNTIME140.dll
0x00007ff9ee190000 - 0x00007ff9ee1a8000 	C:\Program Files\Java\jdk-19\bin\jli.dll
0x00007ff9f8330000 - 0x00007ff9f83df000 	C:\Windows\System32\ADVAPI32.dll
0x00007ff9f8230000 - 0x00007ff9f82ce000 	C:\Windows\System32\msvcrt.dll
0x00007ff9f6df0000 - 0x00007ff9f6e8c000 	C:\Windows\System32\sechost.dll
0x00007ff9f7850000 - 0x00007ff9f7976000 	C:\Windows\System32\RPCRT4.dll
0x00007ff9f6e90000 - 0x00007ff9f702d000 	C:\Windows\System32\USER32.dll
0x00007ff9f5fc0000 - 0x00007ff9f5fe2000 	C:\Windows\System32\win32u.dll
0x00007ff9f6880000 - 0x00007ff9f68ac000 	C:\Windows\System32\GDI32.dll
0x00007ff9f5ea0000 - 0x00007ff9f5fb5000 	C:\Windows\System32\gdi32full.dll
0x00007ff9ea860000 - 0x00007ff9eaafa000 	C:\Windows\WinSxS\amd64_microsoft.windows.common-controls_6595b64144ccf1df_6.0.19041.1110_none_60b5254171f9507e\COMCTL32.dll
0x00007ff9f5ff0000 - 0x00007ff9f608d000 	C:\Windows\System32\msvcp_win.dll
0x00007ff9e8530000 - 0x00007ff9e853a000 	C:\Windows\SYSTEM32\VERSION.dll
0x00007ff9f6c20000 - 0x00007ff9f6c50000 	C:\Windows\System32\IMM32.DLL
0x00007ff9ee110000 - 0x00007ff9ee11c000 	C:\Program Files\Java\jdk-19\bin\vcruntime140_1.dll
0x00007ff9ba3f0000 - 0x00007ff9ba47e000 	C:\Program Files\Java\jdk-19\bin\msvcp140.dll
0x00007ff971170000 - 0x00007ff971e30000 	C:\Program Files\Java\jdk-19\bin\server\jvm.dll
0x00007ff9e8740000 - 0x00007ff9e8749000 	C:\Windows\SYSTEM32\WSOCK32.dll
0x00007ff9eb2e0000 - 0x00007ff9eb307000 	C:\Windows\SYSTEM32\WINMM.dll
0x00007ff9f7b30000 - 0x00007ff9f7b9b000 	C:\Windows\System32\WS2_32.dll
0x00007ff9f44c0000 - 0x00007ff9f44d2000 	C:\Windows\SYSTEM32\kernel.appcore.dll
0x00007ff9eded0000 - 0x00007ff9ededa000 	C:\Program Files\Java\jdk-19\bin\jimage.dll
0x00007ff9f3260000 - 0x00007ff9f3444000 	C:\Windows\SYSTEM32\DBGHELP.DLL
0x00007ff9ed840000 - 0x00007ff9ed874000 	C:\Windows\SYSTEM32\dbgcore.DLL
0x00007ff9f61c0000 - 0x00007ff9f6242000 	C:\Windows\System32\bcryptPrimitives.dll
0x00007ff9dda30000 - 0x00007ff9dda3e000 	C:\Program Files\Java\jdk-19\bin\instrument.dll
0x00007ff9d4320000 - 0x00007ff9d4346000 	C:\Program Files\Java\jdk-19\bin\java.dll
0x00007ff9a7040000 - 0x00007ff9a7117000 	C:\Program Files\Java\jdk-19\bin\jsvml.dll
0x00007ff9f7100000 - 0x00007ff9f7844000 	C:\Windows\System32\SHELL32.dll
0x00007ff9f3d00000 - 0x00007ff9f4493000 	C:\Windows\SYSTEM32\windows.storage.dll
0x00007ff9f68c0000 - 0x00007ff9f6c14000 	C:\Windows\System32\combase.dll
0x00007ff9f5560000 - 0x00007ff9f558e000 	C:\Windows\SYSTEM32\Wldp.dll
0x00007ff9f8500000 - 0x00007ff9f85ad000 	C:\Windows\System32\SHCORE.dll
0x00007ff9f7c60000 - 0x00007ff9f7cb5000 	C:\Windows\System32\shlwapi.dll
0x00007ff9f5c00000 - 0x00007ff9f5c25000 	C:\Windows\SYSTEM32\profapi.dll
0x00007ff9dc530000 - 0x00007ff9dc548000 	C:\Program Files\Java\jdk-19\bin\zip.dll
0x00007ff9d5410000 - 0x00007ff9d5423000 	C:\Program Files\Java\jdk-19\bin\net.dll
0x00007ff9eb7e0000 - 0x00007ff9eb8ea000 	C:\Windows\SYSTEM32\WINHTTP.dll
0x00007ff9f5340000 - 0x00007ff9f53aa000 	C:\Windows\system32\mswsock.dll
0x00007ff9cb6e0000 - 0x00007ff9cb6f6000 	C:\Program Files\Java\jdk-19\bin\nio.dll
0x00007ff9d40f0000 - 0x00007ff9d410a000 	C:\Program Files\JetBrains\IntelliJ IDEA Community Edition 2022.1.3\bin\breakgen64.dll
0x00007ff9dc570000 - 0x00007ff9dc578000 	C:\Program Files\Java\jdk-19\bin\extnet.dll
0x0000000069ac0000 - 0x0000000069ae4000 	C:\Users\User\AppData\Local\Temp\jansi-2.4.0-330371bee99a53a1-jansi.dll
0x00007ff9d4310000 - 0x00007ff9d4320000 	C:\Program Files\Java\jdk-19\bin\verify.dll

dbghelp: loaded successfully - version: 4.0.5 - missing functions: none
symbol engine: initialized successfully - sym options: 0x614 - pdb path: .;C:\Program Files\Java\jdk-19\bin;C:\Windows\SYSTEM32;C:\Windows\WinSxS\amd64_microsoft.windows.common-controls_6595b64144ccf1df_6.0.19041.1110_none_60b5254171f9507e;C:\Program Files\Java\jdk-19\bin\server;C:\Program Files\JetBrains\IntelliJ IDEA Community Edition 2022.1.3\bin;C:\Users\User\AppData\Local\Temp

VM Arguments:
jvm_args: -Dmaven.multiModuleProjectDirectory=C:\Users\User\Downloads\TwoDBConnection\TwoDBConnection -Dmaven.home=C:\Users\User\.m2\wrapper\dists\apache-maven-3.9.3-bin\54p6kc7m0ap3os8bc4ge28ia2\apache-maven-3.9.3 -Dclassworlds.conf=C:\Users\User\.m2\wrapper\dists\apache-maven-3.9.3-bin\54p6kc7m0ap3os8bc4ge28ia2\apache-maven-3.9.3\bin\m2.conf -Dmaven.ext.class.path=C:\Program Files\JetBrains\IntelliJ IDEA Community Edition 2022.1.3\plugins\maven\lib\maven-event-listener.jar -javaagent:C:\Program Files\JetBrains\IntelliJ IDEA Community Edition 2022.1.3\lib\idea_rt.jar=63581:C:\Program Files\JetBrains\IntelliJ IDEA Community Edition 2022.1.3\bin -Dfile.encoding=UTF-8 
java_command: org.codehaus.classworlds.Launcher -Didea.version=2022.1.3 clean
java_class_path (initial): C:\Users\User\.m2\wrapper\dists\apache-maven-3.9.3-bin\54p6kc7m0ap3os8bc4ge28ia2\apache-maven-3.9.3\boot\plexus-classworlds-2.7.0.jar;C:\Users\User\.m2\wrapper\dists\apache-maven-3.9.3-bin\54p6kc7m0ap3os8bc4ge28ia2\apache-maven-3.9.3\boot\plexus-classworlds.license
Launcher Type: SUN_STANDARD

[Global flags]
     intx CICompilerCount                          = 3                                         {product} {ergonomic}
     uint ConcGCThreads                            = 1                                         {product} {ergonomic}
     uint G1ConcRefinementThreads                  = 4                                         {product} {ergonomic}
   size_t G1HeapRegionSize                         = 2097152                                   {product} {ergonomic}
    uintx GCDrainStackTargetSize                   = 64                                        {product} {ergonomic}
   size_t InitialHeapSize                          = 268435456                                 {product} {ergonomic}
   size_t MarkStackSize                            = 4194304                                   {product} {ergonomic}
   size_t MaxHeapSize                              = 4265607168                                {product} {ergonomic}
   size_t MaxNewSize                               = 2558525440                                {product} {ergonomic}
   size_t MinHeapDeltaBytes                        = 2097152                                   {product} {ergonomic}
   size_t MinHeapSize                              = 8388608                                   {product} {ergonomic}
    uintx NonNMethodCodeHeapSize                   = 5832780                                {pd product} {ergonomic}
    uintx NonProfiledCodeHeapSize                  = 122912730                              {pd product} {ergonomic}
    uintx ProfiledCodeHeapSize                     = 122912730                              {pd product} {ergonomic}
    uintx ReservedCodeCacheSize                    = 251658240                              {pd product} {ergonomic}
     bool SegmentedCodeCache                       = true                                      {product} {ergonomic}
   size_t SoftMaxHeapSize                          = 4265607168                             {manageable} {ergonomic}
     bool UseCompressedClassPointers               = true                           {product lp64_product} {ergonomic}
     bool UseCompressedOops                        = true                           {product lp64_product} {ergonomic}
     bool UseG1GC                                  = true                                      {product} {ergonomic}
     bool UseLargePagesIndividualAllocation        = false                                  {pd product} {ergonomic}

Logging:
Log output configuration:
 #0: stdout all=warning uptime,level,tags foldmultilines=false
 #1: stderr all=off uptime,level,tags foldmultilines=false

Environment Variables:
PATH=C:\Program Files\Common Files\Oracle\Java\javapath;C:\Program Files (x86)\Common Files\Oracle\Java\javapath;C:\Users\User\Downloads\WINDOWS.X64_193000_db_home\bin;C:\Program Files (x86)\Intel\iCLS Client\;C:\Program Files\Intel\iCLS Client\;C:\Windows\system32;C:\Windows;C:\Windows\System32\Wbem;C:\Windows\System32\WindowsPowerShell\v1.0\;C:\Windows\System32\OpenSSH\;C:\Program Files\dotnet\;C:\Program Files (x86)\Intel\Intel(R) Management Engine Components\DAL;C:\Program Files\Intel\Intel(R) Management Engine Components\DAL;C:\Program Files (x86)\Intel\Intel(R) Management Engine Components\IPT;C:\Program Files\Intel\Intel(R) Management Engine Components\IPT;C:\Program Files\nodejs\;C:\Program Files\Git\cmd;C:\Program Files\Java\jdk-17.0.4.1\bin;C:\Program Files\Intel\WiFi\bin\;C:\Program Files\Common Files\Intel\WirelessCommon\;C:\Program Files\Docker\Docker\resources\bin;C:\Program Files\PuTTY\;C:\Program Files\MySQL\MySQL Shell 8.0\bin\;C:\Users\User\AppData\Local\Microsoft\WindowsApps;;C:\Program Files\JetBrains\IntelliJ IDEA 2022.1.2\bin;;C:\Program Files\JetBrains\IntelliJ IDEA Community Edition 2022.1.3\bin;;C:\Users\User\AppData\Local\Programs\Microsoft VS Code\bin;C:\Users\User\AppData\Roaming\npm
USERNAME=User
OS=Windows_NT
PROCESSOR_IDENTIFIER=Intel64 Family 6 Model 61 Stepping 4, GenuineIntel
TMP=C:\Users\User\AppData\Local\Temp
TEMP=C:\Users\User\AppData\Local\Temp



---------------  S Y S T E M  ---------------

OS:
 Windows 10 , 64 bit Build 19041 (10.0.19041.3155)
OS uptime: 3 days 18:59 hours
Hyper-V role detected

CPU: total 4 (initial active 4) (2 cores per cpu, 2 threads per core) family 6 model 61 stepping 4 microcode 0x2f, cx8, cmov, fxsr, ht, mmx, 3dnowpref, sse, sse2, sse3, ssse3, sse4.1, sse4.2, popcnt, lzcnt, tsc, tscinvbit, avx, avx2, aes, erms, clmul, bmi1, bmi2, rtm, adx, fma, vzeroupper, clflush, hv, rdtscp

Memory: 4k page, system-wide physical 16264M (3827M free)
TotalPageFile size 30428M (AvailPageFile size 0M)
current process WorkingSet (physical memory assigned to process): 50M, peak: 50M
current process commit charge ("private bytes"): 343M, peak: 343M

vm_info: Java HotSpot(TM) 64-Bit Server VM (19.0.2+7-44) for windows-amd64 JRE (19.0.2+7-44), built on 2022-11-30T18:02:09Z by "mach5one" with MS VC++ 17.1 (VS2022)

END.
